<?xml version="1.0" encoding="UTF-8"?>
<testng-results ignored="0" total="1" passed="1" failed="0" skipped="0">
  <reporter-output>
  </reporter-output>
  <suite started-at="2022-08-10T19:02:45Z" name="Default suite" finished-at="2022-08-10T19:02:49Z" duration-ms="4225">
    <groups>
      <group name="cucumber">
        <method signature="AbstractTestNGCucumberTests.runScenario(io.cucumber.testng.PickleWrapper, io.cucumber.testng.FeatureWrapper)[pri:0, instance:runner.TestRunner@73eb439a]" name="runScenario" class="io.cucumber.testng.AbstractTestNGCucumberTests"/>
      </group> <!-- cucumber -->
    </groups>
    <test started-at="2022-08-10T19:02:45Z" name="Default test" finished-at="2022-08-10T19:02:49Z" duration-ms="4225">
      <class name="runner.TestRunner">
        <test-method is-config="true" signature="startDriver(java.lang.String)[pri:0, instance:runner.TestRunner@73eb439a]" started-at="2022-08-10T19:02:38Z" name="startDriver" finished-at="2022-08-10T19:02:45Z" duration-ms="6936" status="PASS">
          <params>
            <param index="0">
              <value>
                <![CDATA[chrome]]>
              </value>
            </param>
          </params>
          <reporter-output>
          </reporter-output>
        </test-method> <!-- startDriver -->
        <test-method is-config="true" signature="setUpClass(org.testng.ITestContext)[pri:0, instance:runner.TestRunner@73eb439a]" started-at="2022-08-10T19:02:45Z" name="setUpClass" finished-at="2022-08-10T19:02:46Z" duration-ms="1060" status="PASS">
          <params>
            <param index="0">
              <value>
                <![CDATA[org.testng.TestRunner@7fb29ca9]]>
              </value>
            </param>
          </params>
          <reporter-output>
          </reporter-output>
        </test-method> <!-- setUpClass -->
        <test-method signature="runScenario(io.cucumber.testng.PickleWrapper, io.cucumber.testng.FeatureWrapper)[pri:0, instance:runner.TestRunner@73eb439a]" started-at="2022-08-10T19:02:46Z" name="runScenario" description="Runs Cucumber Scenarios" data-provider="scenarios" finished-at="2022-08-10T19:02:49Z" duration-ms="3032" status="PASS">
          <params>
            <param index="0">
              <value>
                <![CDATA["UserSearch"]]>
              </value>
            </param>
            <param index="1">
              <value>
                <![CDATA["UserSearch"]]>
              </value>
            </param>
          </params>
          <reporter-output>
          </reporter-output>
        </test-method> <!-- runScenario -->
        <test-method is-config="true" signature="tearDownClass()[pri:0, instance:runner.TestRunner@73eb439a]" started-at="2022-08-10T19:02:49Z" name="tearDownClass" finished-at="2022-08-10T19:02:49Z" duration-ms="85" status="PASS">
          <reporter-output>
          </reporter-output>
        </test-method> <!-- tearDownClass -->
        <test-method is-config="true" signature="stopDriver()[pri:0, instance:runner.TestRunner@73eb439a]" started-at="2022-08-10T19:02:49Z" name="stopDriver" finished-at="2022-08-10T19:02:50Z" duration-ms="405" status="PASS">
          <reporter-output>
          </reporter-output>
        </test-method> <!-- stopDriver -->
      </class> <!-- runner.TestRunner -->
    </test> <!-- Default test -->
  </suite> <!-- Default suite -->
</testng-results>
